8508
12834
14893
10836
11426
13850
10108
10452
4937
10263
6995
4055
2674
16137
19613
7173
6309
11781
11966
16929
12514
1655
12337
12852
15121
13191
5419
2896
18464
8307
5351
4032
394
17982
11912
11251
12619
9720
6107
7941
12252
14038
10596
12342
10239
9383
5949
7075
8200
9470
5948
14297
12634
6283
4059
13766
15996
12099
12350
11609
7276
17797
7122
9229
6083
8500
8665
7396
1298
9344
7744
8136
13854
11967
12809
11368
10536
15581
3491
10417
13769
8161
8031
11636
7952
1127
10394
8617
10547
14152
13015
2052
14356
10688
8594
8621
7131
10228
10927
12327
